<?xml version="1.0" encoding="UTF-8"?>
<testsuite xmlns:xsi="http://www.w3.org/2001/XMLSchema-instance" xsi:noNamespaceSchemaLocation="https://maven.apache.org/surefire/maven-surefire-plugin/xsd/surefire-test-report.xsd" name="com.example.demo.DemoApplicationTests" time="6.555" tests="1" errors="0" skipped="0" failures="0">
  <properties>
    <property name="sun.desktop" value="windows"/>
    <property name="awt.toolkit" value="sun.awt.windows.WToolkit"/>
    <property name="file.encoding.pkg" value="sun.io"/>
    <property name="java.specification.version" value="1.8"/>
    <property name="sun.cpu.isalist" value="amd64"/>
    <property name="sun.jnu.encoding" value="GBK"/>
    <property name="java.class.path" value="C:\Users\HP\IdeaProjects\demo\target\test-classes;C:\Users\HP\IdeaProjects\demo\target\classes;E:\Maven\apache-maven-3.6.3-bin\apache-maven-3.6.3\repository\org\springframework\boot\spring-boot-starter-web\2.4.3\spring-boot-starter-web-2.4.3.jar;E:\Maven\apache-maven-3.6.3-bin\apache-maven-3.6.3\repository\org\springframework\boot\spring-boot-starter\2.4.3\spring-boot-starter-2.4.3.jar;E:\Maven\apache-maven-3.6.3-bin\apache-maven-3.6.3\repository\org\springframework\boot\spring-boot-starter-logging\2.4.3\spring-boot-starter-logging-2.4.3.jar;E:\Maven\apache-maven-3.6.3-bin\apache-maven-3.6.3\repository\ch\qos\logback\logback-classic\1.2.3\logback-classic-1.2.3.jar;E:\Maven\apache-maven-3.6.3-bin\apache-maven-3.6.3\repository\ch\qos\logback\logback-core\1.2.3\logback-core-1.2.3.jar;E:\Maven\apache-maven-3.6.3-bin\apache-maven-3.6.3\repository\org\apache\logging\log4j\log4j-to-slf4j\2.13.3\log4j-to-slf4j-2.13.3.jar;E:\Maven\apache-maven-3.6.3-bin\apache-maven-3.6.3\repository\org\apache\logging\log4j\log4j-api\2.13.3\log4j-api-2.13.3.jar;E:\Maven\apache-maven-3.6.3-bin\apache-maven-3.6.3\repository\org\slf4j\jul-to-slf4j\1.7.30\jul-to-slf4j-1.7.30.jar;E:\Maven\apache-maven-3.6.3-bin\apache-maven-3.6.3\repository\jakarta\annotation\jakarta.annotation-api\1.3.5\jakarta.annotation-api-1.3.5.jar;E:\Maven\apache-maven-3.6.3-bin\apache-maven-3.6.3\repository\org\yaml\snakeyaml\1.27\snakeyaml-1.27.jar;E:\Maven\apache-maven-3.6.3-bin\apache-maven-3.6.3\repository\org\springframework\boot\spring-boot-starter-json\2.4.3\spring-boot-starter-json-2.4.3.jar;E:\Maven\apache-maven-3.6.3-bin\apache-maven-3.6.3\repository\com\fasterxml\jackson\core\jackson-databind\2.11.4\jackson-databind-2.11.4.jar;E:\Maven\apache-maven-3.6.3-bin\apache-maven-3.6.3\repository\com\fasterxml\jackson\core\jackson-annotations\2.11.4\jackson-annotations-2.11.4.jar;E:\Maven\apache-maven-3.6.3-bin\apache-maven-3.6.3\repository\com\fasterxml\jackson\core\jackson-core\2.11.4\jackson-core-2.11.4.jar;E:\Maven\apache-maven-3.6.3-bin\apache-maven-3.6.3\repository\com\fasterxml\jackson\datatype\jackson-datatype-jdk8\2.11.4\jackson-datatype-jdk8-2.11.4.jar;E:\Maven\apache-maven-3.6.3-bin\apache-maven-3.6.3\repository\com\fasterxml\jackson\datatype\jackson-datatype-jsr310\2.11.4\jackson-datatype-jsr310-2.11.4.jar;E:\Maven\apache-maven-3.6.3-bin\apache-maven-3.6.3\repository\com\fasterxml\jackson\module\jackson-module-parameter-names\2.11.4\jackson-module-parameter-names-2.11.4.jar;E:\Maven\apache-maven-3.6.3-bin\apache-maven-3.6.3\repository\org\springframework\boot\spring-boot-starter-tomcat\2.4.3\spring-boot-starter-tomcat-2.4.3.jar;E:\Maven\apache-maven-3.6.3-bin\apache-maven-3.6.3\repository\org\glassfish\jakarta.el\3.0.3\jakarta.el-3.0.3.jar;E:\Maven\apache-maven-3.6.3-bin\apache-maven-3.6.3\repository\org\apache\tomcat\embed\tomcat-embed-websocket\9.0.43\tomcat-embed-websocket-9.0.43.jar;E:\Maven\apache-maven-3.6.3-bin\apache-maven-3.6.3\repository\org\springframework\spring-web\5.3.4\spring-web-5.3.4.jar;E:\Maven\apache-maven-3.6.3-bin\apache-maven-3.6.3\repository\org\springframework\spring-beans\5.3.4\spring-beans-5.3.4.jar;E:\Maven\apache-maven-3.6.3-bin\apache-maven-3.6.3\repository\org\springframework\spring-webmvc\5.3.4\spring-webmvc-5.3.4.jar;E:\Maven\apache-maven-3.6.3-bin\apache-maven-3.6.3\repository\org\springframework\spring-aop\5.3.4\spring-aop-5.3.4.jar;E:\Maven\apache-maven-3.6.3-bin\apache-maven-3.6.3\repository\org\springframework\spring-context\5.3.4\spring-context-5.3.4.jar;E:\Maven\apache-maven-3.6.3-bin\apache-maven-3.6.3\repository\org\springframework\spring-expression\5.3.4\spring-expression-5.3.4.jar;E:\Maven\apache-maven-3.6.3-bin\apache-maven-3.6.3\repository\org\springframework\boot\spring-boot-starter-quartz\2.4.3\spring-boot-starter-quartz-2.4.3.jar;E:\Maven\apache-maven-3.6.3-bin\apache-maven-3.6.3\repository\org\springframework\spring-context-support\5.3.4\spring-context-support-5.3.4.jar;E:\Maven\apache-maven-3.6.3-bin\apache-maven-3.6.3\repository\org\springframework\spring-tx\5.3.4\spring-tx-5.3.4.jar;E:\Maven\apache-maven-3.6.3-bin\apache-maven-3.6.3\repository\org\quartz-scheduler\quartz\2.3.2\quartz-2.3.2.jar;E:\Maven\apache-maven-3.6.3-bin\apache-maven-3.6.3\repository\com\mchange\mchange-commons-java\0.2.15\mchange-commons-java-0.2.15.jar;E:\Maven\apache-maven-3.6.3-bin\apache-maven-3.6.3\repository\org\slf4j\slf4j-api\1.7.30\slf4j-api-1.7.30.jar;E:\Maven\apache-maven-3.6.3-bin\apache-maven-3.6.3\repository\org\springframework\boot\spring-boot-starter-data-redis\2.4.3\spring-boot-starter-data-redis-2.4.3.jar;E:\Maven\apache-maven-3.6.3-bin\apache-maven-3.6.3\repository\org\springframework\data\spring-data-redis\2.4.5\spring-data-redis-2.4.5.jar;E:\Maven\apache-maven-3.6.3-bin\apache-maven-3.6.3\repository\org\springframework\data\spring-data-keyvalue\2.4.5\spring-data-keyvalue-2.4.5.jar;E:\Maven\apache-maven-3.6.3-bin\apache-maven-3.6.3\repository\org\springframework\spring-oxm\5.3.4\spring-oxm-5.3.4.jar;E:\Maven\apache-maven-3.6.3-bin\apache-maven-3.6.3\repository\io\lettuce\lettuce-core\6.0.2.RELEASE\lettuce-core-6.0.2.RELEASE.jar;E:\Maven\apache-maven-3.6.3-bin\apache-maven-3.6.3\repository\io\netty\netty-common\4.1.59.Final\netty-common-4.1.59.Final.jar;E:\Maven\apache-maven-3.6.3-bin\apache-maven-3.6.3\repository\io\netty\netty-handler\4.1.59.Final\netty-handler-4.1.59.Final.jar;E:\Maven\apache-maven-3.6.3-bin\apache-maven-3.6.3\repository\io\netty\netty-resolver\4.1.59.Final\netty-resolver-4.1.59.Final.jar;E:\Maven\apache-maven-3.6.3-bin\apache-maven-3.6.3\repository\io\netty\netty-buffer\4.1.59.Final\netty-buffer-4.1.59.Final.jar;E:\Maven\apache-maven-3.6.3-bin\apache-maven-3.6.3\repository\io\netty\netty-codec\4.1.59.Final\netty-codec-4.1.59.Final.jar;E:\Maven\apache-maven-3.6.3-bin\apache-maven-3.6.3\repository\io\netty\netty-transport\4.1.59.Final\netty-transport-4.1.59.Final.jar;E:\Maven\apache-maven-3.6.3-bin\apache-maven-3.6.3\repository\io\projectreactor\reactor-core\3.4.3\reactor-core-3.4.3.jar;E:\Maven\apache-maven-3.6.3-bin\apache-maven-3.6.3\repository\org\reactivestreams\reactive-streams\1.0.3\reactive-streams-1.0.3.jar;E:\Maven\apache-maven-3.6.3-bin\apache-maven-3.6.3\repository\org\springframework\boot\spring-boot-starter-thymeleaf\2.0.4.RELEASE\spring-boot-starter-thymeleaf-2.0.4.RELEASE.jar;E:\Maven\apache-maven-3.6.3-bin\apache-maven-3.6.3\repository\org\thymeleaf\thymeleaf-spring5\3.0.12.RELEASE\thymeleaf-spring5-3.0.12.RELEASE.jar;E:\Maven\apache-maven-3.6.3-bin\apache-maven-3.6.3\repository\org\thymeleaf\thymeleaf\3.0.12.RELEASE\thymeleaf-3.0.12.RELEASE.jar;E:\Maven\apache-maven-3.6.3-bin\apache-maven-3.6.3\repository\org\attoparser\attoparser\2.0.5.RELEASE\attoparser-2.0.5.RELEASE.jar;E:\Maven\apache-maven-3.6.3-bin\apache-maven-3.6.3\repository\org\unbescape\unbescape\1.1.6.RELEASE\unbescape-1.1.6.RELEASE.jar;E:\Maven\apache-maven-3.6.3-bin\apache-maven-3.6.3\repository\org\thymeleaf\extras\thymeleaf-extras-java8time\3.0.4.RELEASE\thymeleaf-extras-java8time-3.0.4.RELEASE.jar;E:\Maven\apache-maven-3.6.3-bin\apache-maven-3.6.3\repository\org\springframework\boot\spring-boot-configuration-processor\2.4.3\spring-boot-configuration-processor-2.4.3.jar;E:\Maven\apache-maven-3.6.3-bin\apache-maven-3.6.3\repository\javax\servlet\javax.servlet-api\4.0.1\javax.servlet-api-4.0.1.jar;E:\Maven\apache-maven-3.6.3-bin\apache-maven-3.6.3\repository\javax\servlet\jstl\1.2\jstl-1.2.jar;E:\Maven\apache-maven-3.6.3-bin\apache-maven-3.6.3\repository\org\apache\tomcat\embed\tomcat-embed-jasper\9.0.43\tomcat-embed-jasper-9.0.43.jar;E:\Maven\apache-maven-3.6.3-bin\apache-maven-3.6.3\repository\org\apache\tomcat\embed\tomcat-embed-core\9.0.43\tomcat-embed-core-9.0.43.jar;E:\Maven\apache-maven-3.6.3-bin\apache-maven-3.6.3\repository\org\apache\tomcat\tomcat-annotations-api\9.0.43\tomcat-annotations-api-9.0.43.jar;E:\Maven\apache-maven-3.6.3-bin\apache-maven-3.6.3\repository\org\apache\tomcat\embed\tomcat-embed-el\9.0.43\tomcat-embed-el-9.0.43.jar;E:\Maven\apache-maven-3.6.3-bin\apache-maven-3.6.3\repository\org\eclipse\jdt\ecj\3.18.0\ecj-3.18.0.jar;E:\Maven\apache-maven-3.6.3-bin\apache-maven-3.6.3\repository\com\alibaba\fastjson\1.2.47\fastjson-1.2.47.jar;E:\Maven\apache-maven-3.6.3-bin\apache-maven-3.6.3\repository\org\bouncycastle\bcprov-jdk16\1.46\bcprov-jdk16-1.46.jar;E:\Maven\apache-maven-3.6.3-bin\apache-maven-3.6.3\repository\commons-httpclient\commons-httpclient\3.1\commons-httpclient-3.1.jar;E:\Maven\apache-maven-3.6.3-bin\apache-maven-3.6.3\repository\commons-logging\commons-logging\1.0.4\commons-logging-1.0.4.jar;E:\Maven\apache-maven-3.6.3-bin\apache-maven-3.6.3\repository\commons-codec\commons-codec\1.15\commons-codec-1.15.jar;E:\Maven\apache-maven-3.6.3-bin\apache-maven-3.6.3\repository\net\sf\json-lib\json-lib-ext-spring\1.0.2\json-lib-ext-spring-1.0.2.jar;E:\Maven\apache-maven-3.6.3-bin\apache-maven-3.6.3\repository\net\sf\json-lib\json-lib\2.2.2\json-lib-2.2.2-jdk15.jar;E:\Maven\apache-maven-3.6.3-bin\apache-maven-3.6.3\repository\commons-beanutils\commons-beanutils\1.7.0\commons-beanutils-1.7.0.jar;E:\Maven\apache-maven-3.6.3-bin\apache-maven-3.6.3\repository\commons-collections\commons-collections\3.2\commons-collections-3.2.jar;E:\Maven\apache-maven-3.6.3-bin\apache-maven-3.6.3\repository\commons-lang\commons-lang\2.4\commons-lang-2.4.jar;E:\Maven\apache-maven-3.6.3-bin\apache-maven-3.6.3\repository\net\sf\ezmorph\ezmorph\1.0.4\ezmorph-1.0.4.jar;E:\Maven\apache-maven-3.6.3-bin\apache-maven-3.6.3\repository\javax\servlet\servlet-api\2.4\servlet-api-2.4.jar;E:\Maven\apache-maven-3.6.3-bin\apache-maven-3.6.3\repository\log4j\log4j\1.2.14\log4j-1.2.14.jar;E:\Maven\apache-maven-3.6.3-bin\apache-maven-3.6.3\repository\org\springframework\boot\spring-boot-starter-test\2.4.3\spring-boot-starter-test-2.4.3.jar;E:\Maven\apache-maven-3.6.3-bin\apache-maven-3.6.3\repository\org\springframework\boot\spring-boot-test\2.4.3\spring-boot-test-2.4.3.jar;E:\Maven\apache-maven-3.6.3-bin\apache-maven-3.6.3\repository\org\springframework\boot\spring-boot-test-autoconfigure\2.4.3\spring-boot-test-autoconfigure-2.4.3.jar;E:\Maven\apache-maven-3.6.3-bin\apache-maven-3.6.3\repository\com\jayway\jsonpath\json-path\2.4.0\json-path-2.4.0.jar;E:\Maven\apache-maven-3.6.3-bin\apache-maven-3.6.3\repository\net\minidev\json-smart\2.3\json-smart-2.3.jar;E:\Maven\apache-maven-3.6.3-bin\apache-maven-3.6.3\repository\net\minidev\accessors-smart\1.2\accessors-smart-1.2.jar;E:\Maven\apache-maven-3.6.3-bin\apache-maven-3.6.3\repository\org\ow2\asm\asm\5.0.4\asm-5.0.4.jar;E:\Maven\apache-maven-3.6.3-bin\apache-maven-3.6.3\repository\jakarta\xml\bind\jakarta.xml.bind-api\2.3.3\jakarta.xml.bind-api-2.3.3.jar;E:\Maven\apache-maven-3.6.3-bin\apache-maven-3.6.3\repository\jakarta\activation\jakarta.activation-api\1.2.2\jakarta.activation-api-1.2.2.jar;E:\Maven\apache-maven-3.6.3-bin\apache-maven-3.6.3\repository\org\assertj\assertj-core\3.18.1\assertj-core-3.18.1.jar;E:\Maven\apache-maven-3.6.3-bin\apache-maven-3.6.3\repository\org\hamcrest\hamcrest\2.2\hamcrest-2.2.jar;E:\Maven\apache-maven-3.6.3-bin\apache-maven-3.6.3\repository\org\mockito\mockito-core\3.6.28\mockito-core-3.6.28.jar;E:\Maven\apache-maven-3.6.3-bin\apache-maven-3.6.3\repository\net\bytebuddy\byte-buddy\1.10.20\byte-buddy-1.10.20.jar;E:\Maven\apache-maven-3.6.3-bin\apache-maven-3.6.3\repository\net\bytebuddy\byte-buddy-agent\1.10.20\byte-buddy-agent-1.10.20.jar;E:\Maven\apache-maven-3.6.3-bin\apache-maven-3.6.3\repository\org\objenesis\objenesis\3.1\objenesis-3.1.jar;E:\Maven\apache-maven-3.6.3-bin\apache-maven-3.6.3\repository\org\mockito\mockito-junit-jupiter\3.6.28\mockito-junit-jupiter-3.6.28.jar;E:\Maven\apache-maven-3.6.3-bin\apache-maven-3.6.3\repository\org\skyscreamer\jsonassert\1.5.0\jsonassert-1.5.0.jar;E:\Maven\apache-maven-3.6.3-bin\apache-maven-3.6.3\repository\com\vaadin\external\google\android-json\0.0.20131108.vaadin1\android-json-0.0.20131108.vaadin1.jar;E:\Maven\apache-maven-3.6.3-bin\apache-maven-3.6.3\repository\org\springframework\spring-core\5.3.4\spring-core-5.3.4.jar;E:\Maven\apache-maven-3.6.3-bin\apache-maven-3.6.3\repository\org\springframework\spring-jcl\5.3.4\spring-jcl-5.3.4.jar;E:\Maven\apache-maven-3.6.3-bin\apache-maven-3.6.3\repository\org\springframework\spring-test\5.3.4\spring-test-5.3.4.jar;E:\Maven\apache-maven-3.6.3-bin\apache-maven-3.6.3\repository\org\xmlunit\xmlunit-core\2.7.0\xmlunit-core-2.7.0.jar;E:\Maven\apache-maven-3.6.3-bin\apache-maven-3.6.3\repository\org\apache\shiro\shiro-core\1.4.0\shiro-core-1.4.0.jar;E:\Maven\apache-maven-3.6.3-bin\apache-maven-3.6.3\repository\org\apache\shiro\shiro-lang\1.4.0\shiro-lang-1.4.0.jar;E:\Maven\apache-maven-3.6.3-bin\apache-maven-3.6.3\repository\org\apache\shiro\shiro-cache\1.4.0\shiro-cache-1.4.0.jar;E:\Maven\apache-maven-3.6.3-bin\apache-maven-3.6.3\repository\org\apache\shiro\shiro-crypto-hash\1.4.0\shiro-crypto-hash-1.4.0.jar;E:\Maven\apache-maven-3.6.3-bin\apache-maven-3.6.3\repository\org\apache\shiro\shiro-crypto-core\1.4.0\shiro-crypto-core-1.4.0.jar;E:\Maven\apache-maven-3.6.3-bin\apache-maven-3.6.3\repository\org\apache\shiro\shiro-crypto-cipher\1.4.0\shiro-crypto-cipher-1.4.0.jar;E:\Maven\apache-maven-3.6.3-bin\apache-maven-3.6.3\repository\org\apache\shiro\shiro-config-core\1.4.0\shiro-config-core-1.4.0.jar;E:\Maven\apache-maven-3.6.3-bin\apache-maven-3.6.3\repository\org\apache\shiro\shiro-config-ogdl\1.4.0\shiro-config-ogdl-1.4.0.jar;E:\Maven\apache-maven-3.6.3-bin\apache-maven-3.6.3\repository\org\apache\shiro\shiro-event\1.4.0\shiro-event-1.4.0.jar;E:\Maven\apache-maven-3.6.3-bin\apache-maven-3.6.3\repository\org\springframework\boot\spring-boot-devtools\2.4.3\spring-boot-devtools-2.4.3.jar;E:\Maven\apache-maven-3.6.3-bin\apache-maven-3.6.3\repository\org\springframework\boot\spring-boot\2.4.3\spring-boot-2.4.3.jar;E:\Maven\apache-maven-3.6.3-bin\apache-maven-3.6.3\repository\org\springframework\boot\spring-boot-autoconfigure\2.4.3\spring-boot-autoconfigure-2.4.3.jar;E:\Maven\apache-maven-3.6.3-bin\apache-maven-3.6.3\repository\org\projectlombok\lombok\1.18.18\lombok-1.18.18.jar;E:\Maven\apache-maven-3.6.3-bin\apache-maven-3.6.3\repository\mysql\mysql-connector-java\5.1.47\mysql-connector-java-5.1.47.jar;E:\Maven\apache-maven-3.6.3-bin\apache-maven-3.6.3\repository\org\springframework\boot\spring-boot-starter-data-jpa\2.4.3\spring-boot-starter-data-jpa-2.4.3.jar;E:\Maven\apache-maven-3.6.3-bin\apache-maven-3.6.3\repository\org\springframework\boot\spring-boot-starter-aop\2.4.3\spring-boot-starter-aop-2.4.3.jar;E:\Maven\apache-maven-3.6.3-bin\apache-maven-3.6.3\repository\org\aspectj\aspectjweaver\1.9.6\aspectjweaver-1.9.6.jar;E:\Maven\apache-maven-3.6.3-bin\apache-maven-3.6.3\repository\org\springframework\boot\spring-boot-starter-jdbc\2.4.3\spring-boot-starter-jdbc-2.4.3.jar;E:\Maven\apache-maven-3.6.3-bin\apache-maven-3.6.3\repository\com\zaxxer\HikariCP\3.4.5\HikariCP-3.4.5.jar;E:\Maven\apache-maven-3.6.3-bin\apache-maven-3.6.3\repository\org\springframework\spring-jdbc\5.3.4\spring-jdbc-5.3.4.jar;E:\Maven\apache-maven-3.6.3-bin\apache-maven-3.6.3\repository\jakarta\transaction\jakarta.transaction-api\1.3.3\jakarta.transaction-api-1.3.3.jar;E:\Maven\apache-maven-3.6.3-bin\apache-maven-3.6.3\repository\jakarta\persistence\jakarta.persistence-api\2.2.3\jakarta.persistence-api-2.2.3.jar;E:\Maven\apache-maven-3.6.3-bin\apache-maven-3.6.3\repository\org\hibernate\hibernate-core\5.4.28.Final\hibernate-core-5.4.28.Final.jar;E:\Maven\apache-maven-3.6.3-bin\apache-maven-3.6.3\repository\org\jboss\logging\jboss-logging\3.4.1.Final\jboss-logging-3.4.1.Final.jar;E:\Maven\apache-maven-3.6.3-bin\apache-maven-3.6.3\repository\org\javassist\javassist\3.27.0-GA\javassist-3.27.0-GA.jar;E:\Maven\apache-maven-3.6.3-bin\apache-maven-3.6.3\repository\antlr\antlr\2.7.7\antlr-2.7.7.jar;E:\Maven\apache-maven-3.6.3-bin\apache-maven-3.6.3\repository\org\jboss\jandex\2.2.3.Final\jandex-2.2.3.Final.jar;E:\Maven\apache-maven-3.6.3-bin\apache-maven-3.6.3\repository\com\fasterxml\classmate\1.5.1\classmate-1.5.1.jar;E:\Maven\apache-maven-3.6.3-bin\apache-maven-3.6.3\repository\org\dom4j\dom4j\2.1.3\dom4j-2.1.3.jar;E:\Maven\apache-maven-3.6.3-bin\apache-maven-3.6.3\repository\org\hibernate\common\hibernate-commons-annotations\5.1.2.Final\hibernate-commons-annotations-5.1.2.Final.jar;E:\Maven\apache-maven-3.6.3-bin\apache-maven-3.6.3\repository\org\glassfish\jaxb\jaxb-runtime\2.3.3\jaxb-runtime-2.3.3.jar;E:\Maven\apache-maven-3.6.3-bin\apache-maven-3.6.3\repository\org\glassfish\jaxb\txw2\2.3.3\txw2-2.3.3.jar;E:\Maven\apache-maven-3.6.3-bin\apache-maven-3.6.3\repository\com\sun\istack\istack-commons-runtime\3.0.11\istack-commons-runtime-3.0.11.jar;E:\Maven\apache-maven-3.6.3-bin\apache-maven-3.6.3\repository\com\sun\activation\jakarta.activation\1.2.2\jakarta.activation-1.2.2.jar;E:\Maven\apache-maven-3.6.3-bin\apache-maven-3.6.3\repository\org\springframework\data\spring-data-jpa\2.4.5\spring-data-jpa-2.4.5.jar;E:\Maven\apache-maven-3.6.3-bin\apache-maven-3.6.3\repository\org\springframework\data\spring-data-commons\2.4.5\spring-data-commons-2.4.5.jar;E:\Maven\apache-maven-3.6.3-bin\apache-maven-3.6.3\repository\org\springframework\spring-orm\5.3.4\spring-orm-5.3.4.jar;E:\Maven\apache-maven-3.6.3-bin\apache-maven-3.6.3\repository\org\springframework\spring-aspects\5.3.4\spring-aspects-5.3.4.jar;E:\Maven\apache-maven-3.6.3-bin\apache-maven-3.6.3\repository\org\junit\jupiter\junit-jupiter\5.7.1\junit-jupiter-5.7.1.jar;E:\Maven\apache-maven-3.6.3-bin\apache-maven-3.6.3\repository\org\junit\jupiter\junit-jupiter-api\5.7.1\junit-jupiter-api-5.7.1.jar;E:\Maven\apache-maven-3.6.3-bin\apache-maven-3.6.3\repository\org\apiguardian\apiguardian-api\1.1.0\apiguardian-api-1.1.0.jar;E:\Maven\apache-maven-3.6.3-bin\apache-maven-3.6.3\repository\org\opentest4j\opentest4j\1.2.0\opentest4j-1.2.0.jar;E:\Maven\apache-maven-3.6.3-bin\apache-maven-3.6.3\repository\org\junit\platform\junit-platform-commons\1.7.1\junit-platform-commons-1.7.1.jar;E:\Maven\apache-maven-3.6.3-bin\apache-maven-3.6.3\repository\org\junit\jupiter\junit-jupiter-params\5.7.1\junit-jupiter-params-5.7.1.jar;E:\Maven\apache-maven-3.6.3-bin\apache-maven-3.6.3\repository\org\junit\jupiter\junit-jupiter-engine\5.7.1\junit-jupiter-engine-5.7.1.jar;E:\Maven\apache-maven-3.6.3-bin\apache-maven-3.6.3\repository\org\junit\platform\junit-platform-engine\1.7.1\junit-platform-engine-1.7.1.jar;E:\Maven\apache-maven-3.6.3-bin\apache-maven-3.6.3\repository\org\mybatis\spring\boot\mybatis-spring-boot-starter\2.1.0\mybatis-spring-boot-starter-2.1.0.jar;E:\Maven\apache-maven-3.6.3-bin\apache-maven-3.6.3\repository\org\mybatis\spring\boot\mybatis-spring-boot-autoconfigure\2.1.0\mybatis-spring-boot-autoconfigure-2.1.0.jar;E:\Maven\apache-maven-3.6.3-bin\apache-maven-3.6.3\repository\org\mybatis\mybatis\3.5.2\mybatis-3.5.2.jar;E:\Maven\apache-maven-3.6.3-bin\apache-maven-3.6.3\repository\org\mybatis\mybatis-spring\2.0.2\mybatis-spring-2.0.2.jar;"/>
    <property name="java.vm.vendor" value="Oracle Corporation"/>
    <property name="sun.arch.data.model" value="64"/>
    <property name="user.variant" value=""/>
    <property name="java.vendor.url" value="http://java.oracle.com/"/>
    <property name="user.timezone" value="GMT+08:00"/>
    <property name="java.vm.specification.version" value="1.8"/>
    <property name="os.name" value="Windows 10"/>
    <property name="user.country" value="CN"/>
    <property name="sun.java.launcher" value="SUN_STANDARD"/>
    <property name="sun.boot.library.path" value="C:\Program Files\Java\jdk1.8.0_102\jre\bin"/>
    <property name="sun.java.command" value="C:\Users\HP\AppData\Local\Temp\surefire2505081589057839252\surefirebooter1091018721863727498.jar C:\Users\HP\AppData\Local\Temp\surefire2505081589057839252 2021-03-20T22-20-29_373-jvmRun1 surefire199873248428267458tmp surefire_03550111526381445749tmp"/>
    <property name="surefire.test.class.path" value="C:\Users\HP\IdeaProjects\demo\target\test-classes;C:\Users\HP\IdeaProjects\demo\target\classes;E:\Maven\apache-maven-3.6.3-bin\apache-maven-3.6.3\repository\org\springframework\boot\spring-boot-starter-web\2.4.3\spring-boot-starter-web-2.4.3.jar;E:\Maven\apache-maven-3.6.3-bin\apache-maven-3.6.3\repository\org\springframework\boot\spring-boot-starter\2.4.3\spring-boot-starter-2.4.3.jar;E:\Maven\apache-maven-3.6.3-bin\apache-maven-3.6.3\repository\org\springframework\boot\spring-boot-starter-logging\2.4.3\spring-boot-starter-logging-2.4.3.jar;E:\Maven\apache-maven-3.6.3-bin\apache-maven-3.6.3\repository\ch\qos\logback\logback-classic\1.2.3\logback-classic-1.2.3.jar;E:\Maven\apache-maven-3.6.3-bin\apache-maven-3.6.3\repository\ch\qos\logback\logback-core\1.2.3\logback-core-1.2.3.jar;E:\Maven\apache-maven-3.6.3-bin\apache-maven-3.6.3\repository\org\apache\logging\log4j\log4j-to-slf4j\2.13.3\log4j-to-slf4j-2.13.3.jar;E:\Maven\apache-maven-3.6.3-bin\apache-maven-3.6.3\repository\org\apache\logging\log4j\log4j-api\2.13.3\log4j-api-2.13.3.jar;E:\Maven\apache-maven-3.6.3-bin\apache-maven-3.6.3\repository\org\slf4j\jul-to-slf4j\1.7.30\jul-to-slf4j-1.7.30.jar;E:\Maven\apache-maven-3.6.3-bin\apache-maven-3.6.3\repository\jakarta\annotation\jakarta.annotation-api\1.3.5\jakarta.annotation-api-1.3.5.jar;E:\Maven\apache-maven-3.6.3-bin\apache-maven-3.6.3\repository\org\yaml\snakeyaml\1.27\snakeyaml-1.27.jar;E:\Maven\apache-maven-3.6.3-bin\apache-maven-3.6.3\repository\org\springframework\boot\spring-boot-starter-json\2.4.3\spring-boot-starter-json-2.4.3.jar;E:\Maven\apache-maven-3.6.3-bin\apache-maven-3.6.3\repository\com\fasterxml\jackson\core\jackson-databind\2.11.4\jackson-databind-2.11.4.jar;E:\Maven\apache-maven-3.6.3-bin\apache-maven-3.6.3\repository\com\fasterxml\jackson\core\jackson-annotations\2.11.4\jackson-annotations-2.11.4.jar;E:\Maven\apache-maven-3.6.3-bin\apache-maven-3.6.3\repository\com\fasterxml\jackson\core\jackson-core\2.11.4\jackson-core-2.11.4.jar;E:\Maven\apache-maven-3.6.3-bin\apache-maven-3.6.3\repository\com\fasterxml\jackson\datatype\jackson-datatype-jdk8\2.11.4\jackson-datatype-jdk8-2.11.4.jar;E:\Maven\apache-maven-3.6.3-bin\apache-maven-3.6.3\repository\com\fasterxml\jackson\datatype\jackson-datatype-jsr310\2.11.4\jackson-datatype-jsr310-2.11.4.jar;E:\Maven\apache-maven-3.6.3-bin\apache-maven-3.6.3\repository\com\fasterxml\jackson\module\jackson-module-parameter-names\2.11.4\jackson-module-parameter-names-2.11.4.jar;E:\Maven\apache-maven-3.6.3-bin\apache-maven-3.6.3\repository\org\springframework\boot\spring-boot-starter-tomcat\2.4.3\spring-boot-starter-tomcat-2.4.3.jar;E:\Maven\apache-maven-3.6.3-bin\apache-maven-3.6.3\repository\org\glassfish\jakarta.el\3.0.3\jakarta.el-3.0.3.jar;E:\Maven\apache-maven-3.6.3-bin\apache-maven-3.6.3\repository\org\apache\tomcat\embed\tomcat-embed-websocket\9.0.43\tomcat-embed-websocket-9.0.43.jar;E:\Maven\apache-maven-3.6.3-bin\apache-maven-3.6.3\repository\org\springframework\spring-web\5.3.4\spring-web-5.3.4.jar;E:\Maven\apache-maven-3.6.3-bin\apache-maven-3.6.3\repository\org\springframework\spring-beans\5.3.4\spring-beans-5.3.4.jar;E:\Maven\apache-maven-3.6.3-bin\apache-maven-3.6.3\repository\org\springframework\spring-webmvc\5.3.4\spring-webmvc-5.3.4.jar;E:\Maven\apache-maven-3.6.3-bin\apache-maven-3.6.3\repository\org\springframework\spring-aop\5.3.4\spring-aop-5.3.4.jar;E:\Maven\apache-maven-3.6.3-bin\apache-maven-3.6.3\repository\org\springframework\spring-context\5.3.4\spring-context-5.3.4.jar;E:\Maven\apache-maven-3.6.3-bin\apache-maven-3.6.3\repository\org\springframework\spring-expression\5.3.4\spring-expression-5.3.4.jar;E:\Maven\apache-maven-3.6.3-bin\apache-maven-3.6.3\repository\org\springframework\boot\spring-boot-starter-quartz\2.4.3\spring-boot-starter-quartz-2.4.3.jar;E:\Maven\apache-maven-3.6.3-bin\apache-maven-3.6.3\repository\org\springframework\spring-context-support\5.3.4\spring-context-support-5.3.4.jar;E:\Maven\apache-maven-3.6.3-bin\apache-maven-3.6.3\repository\org\springframework\spring-tx\5.3.4\spring-tx-5.3.4.jar;E:\Maven\apache-maven-3.6.3-bin\apache-maven-3.6.3\repository\org\quartz-scheduler\quartz\2.3.2\quartz-2.3.2.jar;E:\Maven\apache-maven-3.6.3-bin\apache-maven-3.6.3\repository\com\mchange\mchange-commons-java\0.2.15\mchange-commons-java-0.2.15.jar;E:\Maven\apache-maven-3.6.3-bin\apache-maven-3.6.3\repository\org\slf4j\slf4j-api\1.7.30\slf4j-api-1.7.30.jar;E:\Maven\apache-maven-3.6.3-bin\apache-maven-3.6.3\repository\org\springframework\boot\spring-boot-starter-data-redis\2.4.3\spring-boot-starter-data-redis-2.4.3.jar;E:\Maven\apache-maven-3.6.3-bin\apache-maven-3.6.3\repository\org\springframework\data\spring-data-redis\2.4.5\spring-data-redis-2.4.5.jar;E:\Maven\apache-maven-3.6.3-bin\apache-maven-3.6.3\repository\org\springframework\data\spring-data-keyvalue\2.4.5\spring-data-keyvalue-2.4.5.jar;E:\Maven\apache-maven-3.6.3-bin\apache-maven-3.6.3\repository\org\springframework\spring-oxm\5.3.4\spring-oxm-5.3.4.jar;E:\Maven\apache-maven-3.6.3-bin\apache-maven-3.6.3\repository\io\lettuce\lettuce-core\6.0.2.RELEASE\lettuce-core-6.0.2.RELEASE.jar;E:\Maven\apache-maven-3.6.3-bin\apache-maven-3.6.3\repository\io\netty\netty-common\4.1.59.Final\netty-common-4.1.59.Final.jar;E:\Maven\apache-maven-3.6.3-bin\apache-maven-3.6.3\repository\io\netty\netty-handler\4.1.59.Final\netty-handler-4.1.59.Final.jar;E:\Maven\apache-maven-3.6.3-bin\apache-maven-3.6.3\repository\io\netty\netty-resolver\4.1.59.Final\netty-resolver-4.1.59.Final.jar;E:\Maven\apache-maven-3.6.3-bin\apache-maven-3.6.3\repository\io\netty\netty-buffer\4.1.59.Final\netty-buffer-4.1.59.Final.jar;E:\Maven\apache-maven-3.6.3-bin\apache-maven-3.6.3\repository\io\netty\netty-codec\4.1.59.Final\netty-codec-4.1.59.Final.jar;E:\Maven\apache-maven-3.6.3-bin\apache-maven-3.6.3\repository\io\netty\netty-transport\4.1.59.Final\netty-transport-4.1.59.Final.jar;E:\Maven\apache-maven-3.6.3-bin\apache-maven-3.6.3\repository\io\projectreactor\reactor-core\3.4.3\reactor-core-3.4.3.jar;E:\Maven\apache-maven-3.6.3-bin\apache-maven-3.6.3\repository\org\reactivestreams\reactive-streams\1.0.3\reactive-streams-1.0.3.jar;E:\Maven\apache-maven-3.6.3-bin\apache-maven-3.6.3\repository\org\springframework\boot\spring-boot-starter-thymeleaf\2.0.4.RELEASE\spring-boot-starter-thymeleaf-2.0.4.RELEASE.jar;E:\Maven\apache-maven-3.6.3-bin\apache-maven-3.6.3\repository\org\thymeleaf\thymeleaf-spring5\3.0.12.RELEASE\thymeleaf-spring5-3.0.12.RELEASE.jar;E:\Maven\apache-maven-3.6.3-bin\apache-maven-3.6.3\repository\org\thymeleaf\thymeleaf\3.0.12.RELEASE\thymeleaf-3.0.12.RELEASE.jar;E:\Maven\apache-maven-3.6.3-bin\apache-maven-3.6.3\repository\org\attoparser\attoparser\2.0.5.RELEASE\attoparser-2.0.5.RELEASE.jar;E:\Maven\apache-maven-3.6.3-bin\apache-maven-3.6.3\repository\org\unbescape\unbescape\1.1.6.RELEASE\unbescape-1.1.6.RELEASE.jar;E:\Maven\apache-maven-3.6.3-bin\apache-maven-3.6.3\repository\org\thymeleaf\extras\thymeleaf-extras-java8time\3.0.4.RELEASE\thymeleaf-extras-java8time-3.0.4.RELEASE.jar;E:\Maven\apache-maven-3.6.3-bin\apache-maven-3.6.3\repository\org\springframework\boot\spring-boot-configuration-processor\2.4.3\spring-boot-configuration-processor-2.4.3.jar;E:\Maven\apache-maven-3.6.3-bin\apache-maven-3.6.3\repository\javax\servlet\javax.servlet-api\4.0.1\javax.servlet-api-4.0.1.jar;E:\Maven\apache-maven-3.6.3-bin\apache-maven-3.6.3\repository\javax\servlet\jstl\1.2\jstl-1.2.jar;E:\Maven\apache-maven-3.6.3-bin\apache-maven-3.6.3\repository\org\apache\tomcat\embed\tomcat-embed-jasper\9.0.43\tomcat-embed-jasper-9.0.43.jar;E:\Maven\apache-maven-3.6.3-bin\apache-maven-3.6.3\repository\org\apache\tomcat\embed\tomcat-embed-core\9.0.43\tomcat-embed-core-9.0.43.jar;E:\Maven\apache-maven-3.6.3-bin\apache-maven-3.6.3\repository\org\apache\tomcat\tomcat-annotations-api\9.0.43\tomcat-annotations-api-9.0.43.jar;E:\Maven\apache-maven-3.6.3-bin\apache-maven-3.6.3\repository\org\apache\tomcat\embed\tomcat-embed-el\9.0.43\tomcat-embed-el-9.0.43.jar;E:\Maven\apache-maven-3.6.3-bin\apache-maven-3.6.3\repository\org\eclipse\jdt\ecj\3.18.0\ecj-3.18.0.jar;E:\Maven\apache-maven-3.6.3-bin\apache-maven-3.6.3\repository\com\alibaba\fastjson\1.2.47\fastjson-1.2.47.jar;E:\Maven\apache-maven-3.6.3-bin\apache-maven-3.6.3\repository\org\bouncycastle\bcprov-jdk16\1.46\bcprov-jdk16-1.46.jar;E:\Maven\apache-maven-3.6.3-bin\apache-maven-3.6.3\repository\commons-httpclient\commons-httpclient\3.1\commons-httpclient-3.1.jar;E:\Maven\apache-maven-3.6.3-bin\apache-maven-3.6.3\repository\commons-logging\commons-logging\1.0.4\commons-logging-1.0.4.jar;E:\Maven\apache-maven-3.6.3-bin\apache-maven-3.6.3\repository\commons-codec\commons-codec\1.15\commons-codec-1.15.jar;E:\Maven\apache-maven-3.6.3-bin\apache-maven-3.6.3\repository\net\sf\json-lib\json-lib-ext-spring\1.0.2\json-lib-ext-spring-1.0.2.jar;E:\Maven\apache-maven-3.6.3-bin\apache-maven-3.6.3\repository\net\sf\json-lib\json-lib\2.2.2\json-lib-2.2.2-jdk15.jar;E:\Maven\apache-maven-3.6.3-bin\apache-maven-3.6.3\repository\commons-beanutils\commons-beanutils\1.7.0\commons-beanutils-1.7.0.jar;E:\Maven\apache-maven-3.6.3-bin\apache-maven-3.6.3\repository\commons-collections\commons-collections\3.2\commons-collections-3.2.jar;E:\Maven\apache-maven-3.6.3-bin\apache-maven-3.6.3\repository\commons-lang\commons-lang\2.4\commons-lang-2.4.jar;E:\Maven\apache-maven-3.6.3-bin\apache-maven-3.6.3\repository\net\sf\ezmorph\ezmorph\1.0.4\ezmorph-1.0.4.jar;E:\Maven\apache-maven-3.6.3-bin\apache-maven-3.6.3\repository\javax\servlet\servlet-api\2.4\servlet-api-2.4.jar;E:\Maven\apache-maven-3.6.3-bin\apache-maven-3.6.3\repository\log4j\log4j\1.2.14\log4j-1.2.14.jar;E:\Maven\apache-maven-3.6.3-bin\apache-maven-3.6.3\repository\org\springframework\boot\spring-boot-starter-test\2.4.3\spring-boot-starter-test-2.4.3.jar;E:\Maven\apache-maven-3.6.3-bin\apache-maven-3.6.3\repository\org\springframework\boot\spring-boot-test\2.4.3\spring-boot-test-2.4.3.jar;E:\Maven\apache-maven-3.6.3-bin\apache-maven-3.6.3\repository\org\springframework\boot\spring-boot-test-autoconfigure\2.4.3\spring-boot-test-autoconfigure-2.4.3.jar;E:\Maven\apache-maven-3.6.3-bin\apache-maven-3.6.3\repository\com\jayway\jsonpath\json-path\2.4.0\json-path-2.4.0.jar;E:\Maven\apache-maven-3.6.3-bin\apache-maven-3.6.3\repository\net\minidev\json-smart\2.3\json-smart-2.3.jar;E:\Maven\apache-maven-3.6.3-bin\apache-maven-3.6.3\repository\net\minidev\accessors-smart\1.2\accessors-smart-1.2.jar;E:\Maven\apache-maven-3.6.3-bin\apache-maven-3.6.3\repository\org\ow2\asm\asm\5.0.4\asm-5.0.4.jar;E:\Maven\apache-maven-3.6.3-bin\apache-maven-3.6.3\repository\jakarta\xml\bind\jakarta.xml.bind-api\2.3.3\jakarta.xml.bind-api-2.3.3.jar;E:\Maven\apache-maven-3.6.3-bin\apache-maven-3.6.3\repository\jakarta\activation\jakarta.activation-api\1.2.2\jakarta.activation-api-1.2.2.jar;E:\Maven\apache-maven-3.6.3-bin\apache-maven-3.6.3\repository\org\assertj\assertj-core\3.18.1\assertj-core-3.18.1.jar;E:\Maven\apache-maven-3.6.3-bin\apache-maven-3.6.3\repository\org\hamcrest\hamcrest\2.2\hamcrest-2.2.jar;E:\Maven\apache-maven-3.6.3-bin\apache-maven-3.6.3\repository\org\mockito\mockito-core\3.6.28\mockito-core-3.6.28.jar;E:\Maven\apache-maven-3.6.3-bin\apache-maven-3.6.3\repository\net\bytebuddy\byte-buddy\1.10.20\byte-buddy-1.10.20.jar;E:\Maven\apache-maven-3.6.3-bin\apache-maven-3.6.3\repository\net\bytebuddy\byte-buddy-agent\1.10.20\byte-buddy-agent-1.10.20.jar;E:\Maven\apache-maven-3.6.3-bin\apache-maven-3.6.3\repository\org\objenesis\objenesis\3.1\objenesis-3.1.jar;E:\Maven\apache-maven-3.6.3-bin\apache-maven-3.6.3\repository\org\mockito\mockito-junit-jupiter\3.6.28\mockito-junit-jupiter-3.6.28.jar;E:\Maven\apache-maven-3.6.3-bin\apache-maven-3.6.3\repository\org\skyscreamer\jsonassert\1.5.0\jsonassert-1.5.0.jar;E:\Maven\apache-maven-3.6.3-bin\apache-maven-3.6.3\repository\com\vaadin\external\google\android-json\0.0.20131108.vaadin1\android-json-0.0.20131108.vaadin1.jar;E:\Maven\apache-maven-3.6.3-bin\apache-maven-3.6.3\repository\org\springframework\spring-core\5.3.4\spring-core-5.3.4.jar;E:\Maven\apache-maven-3.6.3-bin\apache-maven-3.6.3\repository\org\springframework\spring-jcl\5.3.4\spring-jcl-5.3.4.jar;E:\Maven\apache-maven-3.6.3-bin\apache-maven-3.6.3\repository\org\springframework\spring-test\5.3.4\spring-test-5.3.4.jar;E:\Maven\apache-maven-3.6.3-bin\apache-maven-3.6.3\repository\org\xmlunit\xmlunit-core\2.7.0\xmlunit-core-2.7.0.jar;E:\Maven\apache-maven-3.6.3-bin\apache-maven-3.6.3\repository\org\apache\shiro\shiro-core\1.4.0\shiro-core-1.4.0.jar;E:\Maven\apache-maven-3.6.3-bin\apache-maven-3.6.3\repository\org\apache\shiro\shiro-lang\1.4.0\shiro-lang-1.4.0.jar;E:\Maven\apache-maven-3.6.3-bin\apache-maven-3.6.3\repository\org\apache\shiro\shiro-cache\1.4.0\shiro-cache-1.4.0.jar;E:\Maven\apache-maven-3.6.3-bin\apache-maven-3.6.3\repository\org\apache\shiro\shiro-crypto-hash\1.4.0\shiro-crypto-hash-1.4.0.jar;E:\Maven\apache-maven-3.6.3-bin\apache-maven-3.6.3\repository\org\apache\shiro\shiro-crypto-core\1.4.0\shiro-crypto-core-1.4.0.jar;E:\Maven\apache-maven-3.6.3-bin\apache-maven-3.6.3\repository\org\apache\shiro\shiro-crypto-cipher\1.4.0\shiro-crypto-cipher-1.4.0.jar;E:\Maven\apache-maven-3.6.3-bin\apache-maven-3.6.3\repository\org\apache\shiro\shiro-config-core\1.4.0\shiro-config-core-1.4.0.jar;E:\Maven\apache-maven-3.6.3-bin\apache-maven-3.6.3\repository\org\apache\shiro\shiro-config-ogdl\1.4.0\shiro-config-ogdl-1.4.0.jar;E:\Maven\apache-maven-3.6.3-bin\apache-maven-3.6.3\repository\org\apache\shiro\shiro-event\1.4.0\shiro-event-1.4.0.jar;E:\Maven\apache-maven-3.6.3-bin\apache-maven-3.6.3\repository\org\springframework\boot\spring-boot-devtools\2.4.3\spring-boot-devtools-2.4.3.jar;E:\Maven\apache-maven-3.6.3-bin\apache-maven-3.6.3\repository\org\springframework\boot\spring-boot\2.4.3\spring-boot-2.4.3.jar;E:\Maven\apache-maven-3.6.3-bin\apache-maven-3.6.3\repository\org\springframework\boot\spring-boot-autoconfigure\2.4.3\spring-boot-autoconfigure-2.4.3.jar;E:\Maven\apache-maven-3.6.3-bin\apache-maven-3.6.3\repository\org\projectlombok\lombok\1.18.18\lombok-1.18.18.jar;E:\Maven\apache-maven-3.6.3-bin\apache-maven-3.6.3\repository\mysql\mysql-connector-java\5.1.47\mysql-connector-java-5.1.47.jar;E:\Maven\apache-maven-3.6.3-bin\apache-maven-3.6.3\repository\org\springframework\boot\spring-boot-starter-data-jpa\2.4.3\spring-boot-starter-data-jpa-2.4.3.jar;E:\Maven\apache-maven-3.6.3-bin\apache-maven-3.6.3\repository\org\springframework\boot\spring-boot-starter-aop\2.4.3\spring-boot-starter-aop-2.4.3.jar;E:\Maven\apache-maven-3.6.3-bin\apache-maven-3.6.3\repository\org\aspectj\aspectjweaver\1.9.6\aspectjweaver-1.9.6.jar;E:\Maven\apache-maven-3.6.3-bin\apache-maven-3.6.3\repository\org\springframework\boot\spring-boot-starter-jdbc\2.4.3\spring-boot-starter-jdbc-2.4.3.jar;E:\Maven\apache-maven-3.6.3-bin\apache-maven-3.6.3\repository\com\zaxxer\HikariCP\3.4.5\HikariCP-3.4.5.jar;E:\Maven\apache-maven-3.6.3-bin\apache-maven-3.6.3\repository\org\springframework\spring-jdbc\5.3.4\spring-jdbc-5.3.4.jar;E:\Maven\apache-maven-3.6.3-bin\apache-maven-3.6.3\repository\jakarta\transaction\jakarta.transaction-api\1.3.3\jakarta.transaction-api-1.3.3.jar;E:\Maven\apache-maven-3.6.3-bin\apache-maven-3.6.3\repository\jakarta\persistence\jakarta.persistence-api\2.2.3\jakarta.persistence-api-2.2.3.jar;E:\Maven\apache-maven-3.6.3-bin\apache-maven-3.6.3\repository\org\hibernate\hibernate-core\5.4.28.Final\hibernate-core-5.4.28.Final.jar;E:\Maven\apache-maven-3.6.3-bin\apache-maven-3.6.3\repository\org\jboss\logging\jboss-logging\3.4.1.Final\jboss-logging-3.4.1.Final.jar;E:\Maven\apache-maven-3.6.3-bin\apache-maven-3.6.3\repository\org\javassist\javassist\3.27.0-GA\javassist-3.27.0-GA.jar;E:\Maven\apache-maven-3.6.3-bin\apache-maven-3.6.3\repository\antlr\antlr\2.7.7\antlr-2.7.7.jar;E:\Maven\apache-maven-3.6.3-bin\apache-maven-3.6.3\repository\org\jboss\jandex\2.2.3.Final\jandex-2.2.3.Final.jar;E:\Maven\apache-maven-3.6.3-bin\apache-maven-3.6.3\repository\com\fasterxml\classmate\1.5.1\classmate-1.5.1.jar;E:\Maven\apache-maven-3.6.3-bin\apache-maven-3.6.3\repository\org\dom4j\dom4j\2.1.3\dom4j-2.1.3.jar;E:\Maven\apache-maven-3.6.3-bin\apache-maven-3.6.3\repository\org\hibernate\common\hibernate-commons-annotations\5.1.2.Final\hibernate-commons-annotations-5.1.2.Final.jar;E:\Maven\apache-maven-3.6.3-bin\apache-maven-3.6.3\repository\org\glassfish\jaxb\jaxb-runtime\2.3.3\jaxb-runtime-2.3.3.jar;E:\Maven\apache-maven-3.6.3-bin\apache-maven-3.6.3\repository\org\glassfish\jaxb\txw2\2.3.3\txw2-2.3.3.jar;E:\Maven\apache-maven-3.6.3-bin\apache-maven-3.6.3\repository\com\sun\istack\istack-commons-runtime\3.0.11\istack-commons-runtime-3.0.11.jar;E:\Maven\apache-maven-3.6.3-bin\apache-maven-3.6.3\repository\com\sun\activation\jakarta.activation\1.2.2\jakarta.activation-1.2.2.jar;E:\Maven\apache-maven-3.6.3-bin\apache-maven-3.6.3\repository\org\springframework\data\spring-data-jpa\2.4.5\spring-data-jpa-2.4.5.jar;E:\Maven\apache-maven-3.6.3-bin\apache-maven-3.6.3\repository\org\springframework\data\spring-data-commons\2.4.5\spring-data-commons-2.4.5.jar;E:\Maven\apache-maven-3.6.3-bin\apache-maven-3.6.3\repository\org\springframework\spring-orm\5.3.4\spring-orm-5.3.4.jar;E:\Maven\apache-maven-3.6.3-bin\apache-maven-3.6.3\repository\org\springframework\spring-aspects\5.3.4\spring-aspects-5.3.4.jar;E:\Maven\apache-maven-3.6.3-bin\apache-maven-3.6.3\repository\org\junit\jupiter\junit-jupiter\5.7.1\junit-jupiter-5.7.1.jar;E:\Maven\apache-maven-3.6.3-bin\apache-maven-3.6.3\repository\org\junit\jupiter\junit-jupiter-api\5.7.1\junit-jupiter-api-5.7.1.jar;E:\Maven\apache-maven-3.6.3-bin\apache-maven-3.6.3\repository\org\apiguardian\apiguardian-api\1.1.0\apiguardian-api-1.1.0.jar;E:\Maven\apache-maven-3.6.3-bin\apache-maven-3.6.3\repository\org\opentest4j\opentest4j\1.2.0\opentest4j-1.2.0.jar;E:\Maven\apache-maven-3.6.3-bin\apache-maven-3.6.3\repository\org\junit\platform\junit-platform-commons\1.7.1\junit-platform-commons-1.7.1.jar;E:\Maven\apache-maven-3.6.3-bin\apache-maven-3.6.3\repository\org\junit\jupiter\junit-jupiter-params\5.7.1\junit-jupiter-params-5.7.1.jar;E:\Maven\apache-maven-3.6.3-bin\apache-maven-3.6.3\repository\org\junit\jupiter\junit-jupiter-engine\5.7.1\junit-jupiter-engine-5.7.1.jar;E:\Maven\apache-maven-3.6.3-bin\apache-maven-3.6.3\repository\org\junit\platform\junit-platform-engine\1.7.1\junit-platform-engine-1.7.1.jar;E:\Maven\apache-maven-3.6.3-bin\apache-maven-3.6.3\repository\org\mybatis\spring\boot\mybatis-spring-boot-starter\2.1.0\mybatis-spring-boot-starter-2.1.0.jar;E:\Maven\apache-maven-3.6.3-bin\apache-maven-3.6.3\repository\org\mybatis\spring\boot\mybatis-spring-boot-autoconfigure\2.1.0\mybatis-spring-boot-autoconfigure-2.1.0.jar;E:\Maven\apache-maven-3.6.3-bin\apache-maven-3.6.3\repository\org\mybatis\mybatis\3.5.2\mybatis-3.5.2.jar;E:\Maven\apache-maven-3.6.3-bin\apache-maven-3.6.3\repository\org\mybatis\mybatis-spring\2.0.2\mybatis-spring-2.0.2.jar;"/>
    <property name="sun.cpu.endian" value="little"/>
    <property name="user.home" value="C:\Users\HP"/>
    <property name="user.language" value="zh"/>
    <property name="java.specification.vendor" value="Oracle Corporation"/>
    <property name="java.home" value="C:\Program Files\Java\jdk1.8.0_102\jre"/>
    <property name="basedir" value="C:\Users\HP\IdeaProjects\demo"/>
    <property name="file.separator" value="\"/>
    <property name="line.separator" value="&#10;"/>
    <property name="java.vm.specification.vendor" value="Oracle Corporation"/>
    <property name="java.specification.name" value="Java Platform API Specification"/>
    <property name="java.awt.graphicsenv" value="sun.awt.Win32GraphicsEnvironment"/>
    <property name="surefire.real.class.path" value="C:\Users\HP\AppData\Local\Temp\surefire2505081589057839252\surefirebooter1091018721863727498.jar"/>
    <property name="sun.boot.class.path" value="C:\Program Files\Java\jdk1.8.0_102\jre\lib\resources.jar;C:\Program Files\Java\jdk1.8.0_102\jre\lib\rt.jar;C:\Program Files\Java\jdk1.8.0_102\jre\lib\sunrsasign.jar;C:\Program Files\Java\jdk1.8.0_102\jre\lib\jsse.jar;C:\Program Files\Java\jdk1.8.0_102\jre\lib\jce.jar;C:\Program Files\Java\jdk1.8.0_102\jre\lib\charsets.jar;C:\Program Files\Java\jdk1.8.0_102\jre\lib\jfr.jar;C:\Program Files\Java\jdk1.8.0_102\jre\classes"/>
    <property name="user.script" value=""/>
    <property name="sun.management.compiler" value="HotSpot 64-Bit Tiered Compilers"/>
    <property name="java.runtime.version" value="1.8.0_102-b14"/>
    <property name="user.name" value="HP"/>
    <property name="path.separator" value=";"/>
    <property name="os.version" value="10.0"/>
    <property name="java.endorsed.dirs" value="C:\Program Files\Java\jdk1.8.0_102\jre\lib\endorsed"/>
    <property name="java.runtime.name" value="Java(TM) SE Runtime Environment"/>
    <property name="file.encoding" value="GBK"/>
    <property name="java.vm.name" value="Java HotSpot(TM) 64-Bit Server VM"/>
    <property name="localRepository" value="E:\Maven\apache-maven-3.6.3-bin\apache-maven-3.6.3\repository"/>
    <property name="java.vendor.url.bug" value="http://bugreport.sun.com/bugreport/"/>
    <property name="java.io.tmpdir" value="C:\Users\HP\AppData\Local\Temp\"/>
    <property name="idea.version" value="2020.3.2"/>
    <property name="java.version" value="1.8.0_102"/>
    <property name="user.dir" value="C:\Users\HP\IdeaProjects\demo"/>
    <property name="os.arch" value="amd64"/>
    <property name="java.vm.specification.name" value="Java Virtual Machine Specification"/>
    <property name="java.awt.printerjob" value="sun.awt.windows.WPrinterJob"/>
    <property name="sun.os.patch.level" value=""/>
    <property name="java.library.path" value="C:\Program Files\Java\jdk1.8.0_102\jre\bin;C:\WINDOWS\Sun\Java\bin;C:\WINDOWS\system32;C:\WINDOWS;C:\Program Files\Common Files\Oracle\Java\javapath;C:\ProgramData\Oracle\Java\javapath;C:\windows\system32;C:\windows;C:\windows\System32\Wbem;C:\windows\System32\WindowsPowerShell\v1.0\;C:\windows\System32\OpenSSH\;C:\Program Files (x86)\NVIDIA Corporation\PhysX\Common;C:\WINDOWS\system32;C:\WINDOWS;C:\WINDOWS\System32\Wbem;C:\WINDOWS\System32\WindowsPowerShell\v1.0\;C:\WINDOWS\System32\OpenSSH\;C:\Program Files\Java\jdk1.8.0_102\bin;E:\mysql-5.7.19-winx64\bin;E:\Maven\apache-maven-3.6.3\bin;E:\Tomcat\apache-tomcat-9.0.43-windows-x64\apache-tomcat-9.0.43\bin;C:\Program Files\Java\jdk1.8.0_102\jre\bin;%ANDROID_SDK_HOME%\platform-tools;C:\Users\HP\AppData\Local\Microsoft\WindowsApps;;."/>
    <property name="java.vm.info" value="mixed mode"/>
    <property name="java.vendor" value="Oracle Corporation"/>
    <property name="java.vm.version" value="25.102-b14"/>
    <property name="java.ext.dirs" value="C:\Program Files\Java\jdk1.8.0_102\jre\lib\ext;C:\WINDOWS\Sun\Java\lib\ext"/>
    <property name="sun.io.unicode.encoding" value="UnicodeLittle"/>
    <property name="maven.repo.local" value="E:\Maven\apache-maven-3.6.3-bin\apache-maven-3.6.3\repository"/>
    <property name="java.class.version" value="52.0"/>
  </properties>
  <testcase name="contextLoads" classname="com.example.demo.DemoApplicationTests" time="0.297"/>
</testsuite>